  C++ File.cpp
C:\Users\fudda\source\repos\Project33\Project33\C++ File.cpp(14,1): warning C4566: character represented by universal-character-name '\u0632' cannot be represented in the current code page (1252)
C:\Users\fudda\source\repos\Project33\Project33\C++ File.cpp(14,1): warning C4566: character represented by universal-character-name '\u0627' cannot be represented in the current code page (1252)
C:\Users\fudda\source\repos\Project33\Project33\C++ File.cpp(14,1): warning C4566: character represented by universal-character-name '\u0648' cannot be represented in the current code page (1252)
C:\Users\fudda\source\repos\Project33\Project33\C++ File.cpp(14,1): warning C4566: character represented by universal-character-name '\u064A' cannot be represented in the current code page (1252)
C:\Users\fudda\source\repos\Project33\Project33\C++ File.cpp(14,1): warning C4566: character represented by universal-character-name '\u0629' cannot be represented in the current code page (1252)
C:\Users\fudda\source\repos\Project33\Project33\C++ File.cpp(14,1): warning C4566: character represented by universal-character-name '\u0644' cannot be represented in the current code page (1252)
C:\Users\fudda\source\repos\Project33\Project33\C++ File.cpp(14,1): warning C4566: character represented by universal-character-name '\u062F' cannot be represented in the current code page (1252)
C:\Users\fudda\source\repos\Project33\Project33\C++ File.cpp(14,1): warning C4566: character represented by universal-character-name '\u0631' cannot be represented in the current code page (1252)
C:\Users\fudda\source\repos\Project33\Project33\C++ File.cpp(14,1): warning C4566: character represented by universal-character-name '\u0646' cannot be represented in the current code page (1252)
C:\Users\fudda\source\repos\Project33\Project33\C++ File.cpp(18,1): warning C4566: character represented by universal-character-name '\u0645' cannot be represented in the current code page (1252)
C:\Users\fudda\source\repos\Project33\Project33\C++ File.cpp(18,1): warning C4566: character represented by universal-character-name '\u0635' cannot be represented in the current code page (1252)
C:\Users\fudda\source\repos\Project33\Project33\C++ File.cpp(18,1): warning C4566: character represented by universal-character-name '\u0641' cannot be represented in the current code page (1252)
C:\Users\fudda\source\repos\Project33\Project33\C++ File.cpp(18,1): warning C4566: character represented by universal-character-name '\u0648' cannot be represented in the current code page (1252)
C:\Users\fudda\source\repos\Project33\Project33\C++ File.cpp(18,1): warning C4566: character represented by universal-character-name '\u0629' cannot be represented in the current code page (1252)
C:\Users\fudda\source\repos\Project33\Project33\C++ File.cpp(18,1): warning C4566: character represented by universal-character-name '\u062F' cannot be represented in the current code page (1252)
C:\Users\fudda\source\repos\Project33\Project33\C++ File.cpp(18,1): warning C4566: character represented by universal-character-name '\u0631' cannot be represented in the current code page (1252)
C:\Users\fudda\source\repos\Project33\Project33\C++ File.cpp(18,1): warning C4566: character represented by universal-character-name '\u0627' cannot be represented in the current code page (1252)
C:\Users\fudda\source\repos\Project33\Project33\C++ File.cpp(18,1): warning C4566: character represented by universal-character-name '\u0646' cannot be represented in the current code page (1252)
C:\Users\fudda\source\repos\Project33\Project33\C++ File.cpp(18,1): warning C4566: character represented by universal-character-name '\u062D' cannot be represented in the current code page (1252)
C:\Users\fudda\source\repos\Project33\Project33\C++ File.cpp(18,1): warning C4566: character represented by universal-character-name '\u0644' cannot be represented in the current code page (1252)
  Project33.vcxproj -> C:\Users\fudda\source\repos\Project33\x64\Debug\Project33.exe
